<?xml version="1.0" encoding="UTF-8"?>
<testsuite name="hello.core.beanfind.ApplicationContextInfoTest" tests="2" skipped="0" failures="0" errors="0" timestamp="2022-06-12T15:40:20" hostname="A202107056-02.local" time="0.005">
  <properties/>
  <testcase name="애플리케이션 빈 출력하기" classname="hello.core.beanfind.ApplicationContextInfoTest" time="0.001"/>
  <testcase name="모든 빈 출력하기" classname="hello.core.beanfind.ApplicationContextInfoTest" time="0.001"/>
  <system-out><![CDATA[call AppConfig.memberService
call AppConfig.memberRepository
call AppConfig.orderService
name = appConfig object = hello.core.AppConfig$$EnhancerBySpringCGLIB$$434c3b55@1b482cbf
name = memberService object = hello.core.member.MemberServiceImpl@661fe025
name = memberRepository object = hello.core.member.MemoryMemberRepository@7161457
name = orderService object = hello.core.order.OrderServiceImpl@38ee7a9d
name = discountPolicy object = hello.core.discount.RateDiscountPolicy@629984eb
call AppConfig.memberService
call AppConfig.memberRepository
call AppConfig.orderService
name = org.springframework.context.annotation.internalConfigurationAnnotationProcessor object = org.springframework.context.annotation.ConfigurationClassPostProcessor@2bc7db89
name = org.springframework.context.annotation.internalAutowiredAnnotationProcessor object = org.springframework.beans.factory.annotation.AutowiredAnnotationBeanPostProcessor@479ac2cb
name = org.springframework.context.annotation.internalCommonAnnotationProcessor object = org.springframework.context.annotation.CommonAnnotationBeanPostProcessor@220c9a63
name = org.springframework.context.event.internalEventListenerProcessor object = org.springframework.context.event.EventListenerMethodProcessor@55b5cd2b
name = org.springframework.context.event.internalEventListenerFactory object = org.springframework.context.event.DefaultEventListenerFactory@40bb4f87
name = appConfig object = hello.core.AppConfig$$EnhancerBySpringCGLIB$$434c3b55@51a651c1
name = memberService object = hello.core.member.MemberServiceImpl@173f1614
name = memberRepository object = hello.core.member.MemoryMemberRepository@6c184d4d
name = orderService object = hello.core.order.OrderServiceImpl@7645f03e
name = discountPolicy object = hello.core.discount.RateDiscountPolicy@158e9f6e
]]></system-out>
  <system-err><![CDATA[]]></system-err>
</testsuite>
