<?xml version="1.0" encoding="UTF-8"?>
<testsuite name="hello.core.beanfind.ApplicationContextExtendsFindTest" tests="5" skipped="0" failures="0" errors="0" timestamp="2022-06-12T15:40:20" hostname="A202107056-02.local" time="0.016">
  <properties/>
  <testcase name="부모 타입으로 조회시, 자식이 둘 이상 있으면, 중복 오류가 발생한다." classname="hello.core.beanfind.ApplicationContextExtendsFindTest" time="0.001"/>
  <testcase name="특정 하위 타입으로 조회" classname="hello.core.beanfind.ApplicationContextExtendsFindTest" time="0.001"/>
  <testcase name="부모 타입으로 조회시, 자식이 둘 이상 있으면, 빈 이름을 지정하면 된다." classname="hello.core.beanfind.ApplicationContextExtendsFindTest" time="0.0"/>
  <testcase name="부모 타입으로 모두 조회하기" classname="hello.core.beanfind.ApplicationContextExtendsFindTest" time="0.002"/>
  <testcase name="부모 타입으로 모두 조회하기 - Object" classname="hello.core.beanfind.ApplicationContextExtendsFindTest" time="0.004"/>
  <system-out><![CDATA[key = rateDiscountPolicy value = hello.core.discount.RateDiscountPolicy@74834afd
key = fixDiscountPolicy value = hello.core.discount.FixDiscountPolicy@75fd65c
key = org.springframework.context.annotation.internalConfigurationAnnotationProcessor value = org.springframework.context.annotation.ConfigurationClassPostProcessor@6ccac6f4
key = org.springframework.context.annotation.internalAutowiredAnnotationProcessor value = org.springframework.beans.factory.annotation.AutowiredAnnotationBeanPostProcessor@438c9aa7
key = org.springframework.context.annotation.internalCommonAnnotationProcessor value = org.springframework.context.annotation.CommonAnnotationBeanPostProcessor@3453acd2
key = org.springframework.context.event.internalEventListenerProcessor value = org.springframework.context.event.EventListenerMethodProcessor@6c8f60f3
key = org.springframework.context.event.internalEventListenerFactory value = org.springframework.context.event.DefaultEventListenerFactory@56c8e6f0
key = applicationContextExtendsFindTest.TestConfig value = hello.core.beanfind.ApplicationContextExtendsFindTest$TestConfig$$EnhancerBySpringCGLIB$$79ca3c8a@71b6172c
key = rateDiscountPolicy value = hello.core.discount.RateDiscountPolicy@58aa10f4
key = fixDiscountPolicy value = hello.core.discount.FixDiscountPolicy@4fb56bea
key = environment value = StandardEnvironment {activeProfiles=[], defaultProfiles=[default], propertySources=[PropertiesPropertySource {name='systemProperties'}, SystemEnvironmentPropertySource {name='systemEnvironment'}]}
key = systemProperties value = {java.specification.version=17, sun.jnu.encoding=UTF-8, org.gradle.test.worker=28, java.class.path=/Users/a202107056/.gradle/caches/7.4.1/workerMain/gradle-worker.jar:/Users/a202107056/Downloads/core/build/classes/java/test:/Users/a202107056/Downloads/core/build/classes/java/main:/Users/a202107056/Downloads/core/build/resources/main:/Users/a202107056/.gradle/caches/modules-2/files-2.1/org.springframework.boot/spring-boot-starter-test/2.7.0/417764bfd907f7deffd617fb31b3ea0900547287/spring-boot-starter-test-2.7.0.jar:/Users/a202107056/.gradle/caches/modules-2/files-2.1/org.springframework.boot/spring-boot-starter/2.7.0/64fd3c21486dd20df9a62566599337dae2eb62cc/spring-boot-starter-2.7.0.jar:/Users/a202107056/.gradle/caches/modules-2/files-2.1/org.springframework.boot/spring-boot-test-autoconfigure/2.7.0/e0270c5cf20211c43f7b485c64e3e6a96f16b991/spring-boot-test-autoconfigure-2.7.0.jar:/Users/a202107056/.gradle/caches/modules-2/files-2.1/org.springframework.boot/spring-boot-autoconfigure/2.7.0/483f9a66d0e8326583c5054038d0aa0a95045dc3/spring-boot-autoconfigure-2.7.0.jar:/Users/a202107056/.gradle/caches/modules-2/files-2.1/org.springframework.boot/spring-boot-test/2.7.0/8be4bc652e4bd0ae0f61b99e164ae26ac269f154/spring-boot-test-2.7.0.jar:/Users/a202107056/.gradle/caches/modules-2/files-2.1/org.springframework.boot/spring-boot/2.7.0/df8bd106d6c6a6494b787b71d23cef6d2dc73703/spring-boot-2.7.0.jar:/Users/a202107056/.gradle/caches/modules-2/files-2.1/org.springframework.boot/spring-boot-starter-logging/2.7.0/5ff2a55d345ad824f39d55eaa32203865a92b30f/spring-boot-starter-logging-2.7.0.jar:/Users/a202107056/.gradle/caches/modules-2/files-2.1/jakarta.annotation/jakarta.annotation-api/1.3.5/59eb84ee0d616332ff44aba065f3888cf002cd2d/jakarta.annotation-api-1.3.5.jar:/Users/a202107056/.gradle/caches/modules-2/files-2.1/org.springframework/spring-test/5.3.20/33a92d5066fb810023969a0d70fac96387962769/spring-test-5.3.20.jar:/Users/a202107056/.gradle/caches/modules-2/files-2.1/org.springframework/spring-context/5.3.20/517a42165221ea944c8b794154c10b69c0128281/spring-context-5.3.20.jar:/Users/a202107056/.gradle/caches/modules-2/files-2.1/org.springframework/spring-aop/5.3.20/c82f17997ab18ecafa8d08ce34a7c7aa4a04ef9e/spring-aop-5.3.20.jar:/Users/a202107056/.gradle/caches/modules-2/files-2.1/org.springframework/spring-beans/5.3.20/ab88bd9e3a8307f5c0516c15d295c88ec318659/spring-beans-5.3.20.jar:/Users/a202107056/.gradle/caches/modules-2/files-2.1/org.springframework/spring-expression/5.3.20/20e179f0dfabf0a46428f22c2150c9c4850fd15d/spring-expression-5.3.20.jar:/Users/a202107056/.gradle/caches/modules-2/files-2.1/org.springframework/spring-core/5.3.20/4b88aa3c401ede3d6c8ac78ea0c646cf326ec24b/spring-core-5.3.20.jar:/Users/a202107056/.gradle/caches/modules-2/files-2.1/org.yaml/snakeyaml/1.30/8fde7fe2586328ac3c68db92045e1c8759125000/snakeyaml-1.30.jar:/Users/a202107056/.gradle/caches/modules-2/files-2.1/com.jayway.jsonpath/json-path/2.7.0/f9d7d9659f2694e61142046ff8a216c047f263e8/json-path-2.7.0.jar:/Users/a202107056/.gradle/caches/modules-2/files-2.1/jakarta.xml.bind/jakarta.xml.bind-api/2.3.3/48e3b9cfc10752fba3521d6511f4165bea951801/jakarta.xml.bind-api-2.3.3.jar:/Users/a202107056/.gradle/caches/modules-2/files-2.1/org.assertj/assertj-core/3.22.0/c300c0c6a24559f35fa0bd3a5472dc1edcd0111e/assertj-core-3.22.0.jar:/Users/a202107056/.gradle/caches/modules-2/files-2.1/org.hamcrest/hamcrest/2.2/1820c0968dba3a11a1b30669bb1f01978a91dedc/hamcrest-2.2.jar:/Users/a202107056/.gradle/caches/modules-2/files-2.1/org.mockito/mockito-junit-jupiter/4.5.1/f81fb60bd69b3a6e5537ae23b883326f01632a61/mockito-junit-jupiter-4.5.1.jar:/Users/a202107056/.gradle/caches/modules-2/files-2.1/org.junit.jupiter/junit-jupiter-params/5.8.2/ddeafe92fc263f895bfb73ffeca7fd56e23c2cce/junit-jupiter-params-5.8.2.jar:/Users/a202107056/.gradle/caches/modules-2/files-2.1/org.junit.jupiter/junit-jupiter-engine/5.8.2/c598b4328d2f397194d11df3b1648d68d7d990e3/junit-jupiter-engine-5.8.2.jar:/Users/a202107056/.gradle/caches/modules-2/files-2.1/org.junit.jupiter/junit-jupiter-api/5.8.2/4c21029217adf07e4c0d0c5e192b6bf610c94bdc/junit-jupiter-api-5.8.2.jar:/Users/a202107056/.gradle/caches/modules-2/files-2.1/org.junit.platform/junit-platform-engine/1.8.2/b737de09f19864bd136805c84df7999a142fec29/junit-platform-engine-1.8.2.jar:/Users/a202107056/.gradle/caches/modules-2/files-2.1/org.junit.platform/junit-platform-commons/1.8.2/32c8b8617c1342376fd5af2053da6410d8866861/junit-platform-commons-1.8.2.jar:/Users/a202107056/.gradle/caches/modules-2/files-2.1/org.junit.jupiter/junit-jupiter/5.8.2/5a817b1e63f1217e5c586090c45e681281f097ad/junit-jupiter-5.8.2.jar:/Users/a202107056/.gradle/caches/modules-2/files-2.1/org.mockito/mockito-core/4.5.1/ed456e623e5afc6f4cee3ae58144e5c45f3b3bf/mockito-core-4.5.1.jar:/Users/a202107056/.gradle/caches/modules-2/files-2.1/org.skyscreamer/jsonassert/1.5.0/6c9d5fe2f59da598d9aefc1cfc6528ff3cf32df3/jsonassert-1.5.0.jar:/Users/a202107056/.gradle/caches/modules-2/files-2.1/org.xmlunit/xmlunit-core/2.9.0/8959725d90eecfee28acd7110e2bb8460285d876/xmlunit-core-2.9.0.jar:/Users/a202107056/.gradle/caches/modules-2/files-2.1/ch.qos.logback/logback-classic/1.2.11/4741689214e9d1e8408b206506cbe76d1c6a7d60/logback-classic-1.2.11.jar:/Users/a202107056/.gradle/caches/modules-2/files-2.1/org.apache.logging.log4j/log4j-to-slf4j/2.17.2/17dd0fae2747d9a28c67bc9534108823d2376b46/log4j-to-slf4j-2.17.2.jar:/Users/a202107056/.gradle/caches/modules-2/files-2.1/org.slf4j/jul-to-slf4j/1.7.36/ed46d81cef9c412a88caef405b58f93a678ff2ca/jul-to-slf4j-1.7.36.jar:/Users/a202107056/.gradle/caches/modules-2/files-2.1/org.springframework/spring-jcl/5.3.20/35119231d09863699567ce579c21512ddcbc5407/spring-jcl-5.3.20.jar:/Users/a202107056/.gradle/caches/modules-2/files-2.1/net.minidev/json-smart/2.4.8/7c62f5f72ab05eb54d40e2abf0360a2fe9ea477f/json-smart-2.4.8.jar:/Users/a202107056/.gradle/caches/modules-2/files-2.1/org.slf4j/slf4j-api/1.7.36/6c62681a2f655b49963a5983b8b0950a6120ae14/slf4j-api-1.7.36.jar:/Users/a202107056/.gradle/caches/modules-2/files-2.1/jakarta.activation/jakarta.activation-api/1.2.2/99f53adba383cb1bf7c3862844488574b559621f/jakarta.activation-api-1.2.2.jar:/Users/a202107056/.gradle/caches/modules-2/files-2.1/net.bytebuddy/byte-buddy/1.12.10/f34127d93639fad8c6fb84b3ca30292697d6c55d/byte-buddy-1.12.10.jar:/Users/a202107056/.gradle/caches/modules-2/files-2.1/net.bytebuddy/byte-buddy-agent/1.12.10/1f097f8d6cad60e8f93e5eb670cf5dc9b64da32/byte-buddy-agent-1.12.10.jar:/Users/a202107056/.gradle/caches/modules-2/files-2.1/org.objenesis/objenesis/3.2/7fadf57620c8b8abdf7519533e5527367cb51f09/objenesis-3.2.jar:/Users/a202107056/.gradle/caches/modules-2/files-2.1/com.vaadin.external.google/android-json/0.0.20131108.vaadin1/fa26d351fe62a6a17f5cda1287c1c6110dec413f/android-json-0.0.20131108.vaadin1.jar:/Users/a202107056/.gradle/caches/modules-2/files-2.1/ch.qos.logback/logback-core/1.2.11/a01230df5ca5c34540cdaa3ad5efb012f1f1f792/logback-core-1.2.11.jar:/Users/a202107056/.gradle/caches/modules-2/files-2.1/org.apache.logging.log4j/log4j-api/2.17.2/f42d6afa111b4dec5d2aea0fe2197240749a4ea6/log4j-api-2.17.2.jar:/Users/a202107056/.gradle/caches/modules-2/files-2.1/net.minidev/accessors-smart/2.4.8/6e1bee5a530caba91893604d6ab41d0edcecca9a/accessors-smart-2.4.8.jar:/Users/a202107056/.gradle/caches/modules-2/files-2.1/org.opentest4j/opentest4j/1.2.0/28c11eb91f9b6d8e200631d46e20a7f407f2a046/opentest4j-1.2.0.jar:/Users/a202107056/.gradle/caches/modules-2/files-2.1/org.ow2.asm/asm/9.1/a99500cf6eea30535eeac6be73899d048f8d12a8/asm-9.1.jar, java.vm.vendor=Amazon.com Inc., sun.arch.data.model=64, user.variant=, java.vendor.url=https://aws.amazon.com/corretto/, user.timezone=Asia/Seoul, java.vm.specification.version=17, os.name=Mac OS X, user.country=KR, sun.java.launcher=SUN_STANDARD, sun.boot.library.path=/Users/a202107056/Library/Java/JavaVirtualMachines/corretto-17.0.3/Contents/Home/lib, sun.java.command=worker.org.gradle.process.internal.worker.GradleWorkerMain 'Gradle Test Executor 28', http.nonProxyHosts=local|*.local|169.254/16|*.169.254/16, jdk.debug=release, sun.cpu.endian=little, user.home=/Users/a202107056, user.language=ko, java.specification.vendor=Oracle Corporation, org.gradle.native=false, java.version.date=2022-04-19, java.home=/Users/a202107056/Library/Java/JavaVirtualMachines/corretto-17.0.3/Contents/Home, file.separator=/, java.vm.compressedOopsMode=Zero based, line.separator=
, java.vm.specification.vendor=Oracle Corporation, java.specification.name=Java Platform API Specification, FILE_LOG_CHARSET=UTF-8, java.awt.headless=true, sun.management.compiler=HotSpot 64-Bit Tiered Compilers, ftp.nonProxyHosts=local|*.local|169.254/16|*.169.254/16, java.runtime.version=17.0.3+6-LTS, user.name=a202107056, path.separator=:, os.version=12.1, java.runtime.name=OpenJDK Runtime Environment, file.encoding=UTF-8, spring.beaninfo.ignore=true, java.vm.name=OpenJDK 64-Bit Server VM, java.vendor.version=Corretto-17.0.3.6.1, java.vendor.url.bug=https://github.com/corretto/corretto-17/issues/, java.io.tmpdir=/var/folders/f6/wqxrmg4x0gx34zj6mv1n44cxrvkzq2/T/, java.version=17.0.3, user.dir=/Users/a202107056/Downloads/core, os.arch=aarch64, java.vm.specification.name=Java Virtual Machine Specification, PID=35937, org.gradle.internal.worker.tmpdir=/Users/a202107056/Downloads/core/build/tmp/test/work, CONSOLE_LOG_CHARSET=UTF-8, native.encoding=UTF-8, java.library.path=/opt/homebrew/opt/geos/lib/:/Users/a202107056/Library/Java/Extensions:/Library/Java/Extensions:/Network/Library/Java/Extensions:/System/Library/Java/Extensions:/usr/lib/java:., java.vm.info=mixed mode, sharing, java.vendor=Amazon.com Inc., java.vm.version=17.0.3+6-LTS, sun.io.unicode.encoding=UnicodeBig, socksNonProxyHosts=local|*.local|169.254/16|*.169.254/16, java.class.version=61.0}
key = systemEnvironment value = {PYENV_SHELL=zsh, DYLD_LIBRARY_PATH=/opt/homebrew/opt/geos/lib/, PATH=/usr/local/Cellar/postgresql@9.5//bin:/usr/local/Cellar/postgresql@9.5//bin:/usr/local/Cellar/postgresql@9.5//bin:/usr/local/Cellar/postgresql@9.5//bin:/opt/homebrew/Cellar/postgresql@9.5/9.5.25/bin/pg_config:/usr/local/Cellar/postgresql@9.5//bin:/usr/local/Cellar/postgresql@9.5//bin:/usr/local/Cellar/postgresql@9.6//bin:/opt/homebrew/opt/postgresql@9.5/bin:/usr/local/Cellar/postgresql@9.6//bin:/usr/local/Cellar/postgresql@9.6//bin:/usr/local/Cellar/postgresql@9.6//bin:/opt/Cellar/openssl@1.1/1.1.1n/bin:/opt/homebrew/Cellar/pyenv-virtualenv/1.1.5/shims:/opt/homebrew/bin:/opt/homebrew/sbin:/usr/local/bin:/usr/bin:/bin:/usr/sbin:/sbin:/opt/X11/bin, YOSTAGING_DUMP=/dev.docker.images/data/yostaging_cleaned_2019_07_22.dump, WORKDIR=/Users/a202107056/workspace, RCFILE=/Users/a202107056/.zshrc, VAULT_TOKEN=s.bufzxTVzaXkBD4BLaM8Rkaxb, DOCKER_IMAGE_FILE_URI=https://s3.ap-northeast-2.amazonaws.com/dev.docker.images, IDRSA4STG=id_rsa_stg, VIRTUALENVWRAPPER_WORKON_CD=1, LOGNAME=a202107056, INFOPATH=/opt/homebrew/share/info:, YOGIYO_PATH=/Users/a202107056/workspace/Yogiyo_Web, YOSTAGING_BACKUP=/dev.docker.images/data/yogiyo_backup.tgz, PYENV_VIRTUALENV_INIT=1, SHELL=/bin/zsh, REUSE_DB=1, PAGER=less, HOMEBREW_CELLAR=/opt/homebrew/Cellar, OLDPWD=/, DAIO_PATH=/Users/a202107056/workspace/newbie_guide/be/docker-all-in-one, ZSH=/Users/a202107056/.oh-my-zsh, TMPDIR=/var/folders/f6/wqxrmg4x0gx34zj6mv1n44cxrvkzq2/T/, LIBRARY_PATH=:/opt/homebrew/Cellar/openssl@1.1/1.1.1n/lib/:/usr/local/opt/openssl/lib/:/usr/local/opt/openssl/lib/:/usr/local/opt/openssl/lib/:/usr/local/opt/openssl/lib/:/usr/local/opt/openssl/lib/:/usr/local/opt/openssl/lib/:/usr/local/opt/openssl/lib/:/usr/local/opt/openssl/lib/:/usr/local/opt/openssl/lib/, BIZCENTER_MYDUMP=/dev.docker.images/data/bizcenter_tong_20180808.mysql.dump, OWNER_DOCKER_IMAGE=yogiyo-owner, OWNER_PATH=/Users/a202107056/workspace/yogiyo_owner, XPC_FLAGS=0x0, LC_ALL=ko_KR.UTF-8, __CF_USER_TEXT_ENCODING=0x71B97EE2:0x3:0x33, LESS=-R, YOGIYO_STATIC_DIR=/Users/a202107056/workspace/yogiyo-static-files/.git, AWS_URI=https://s3.ap-northeast-2.amazonaws.com, MANPATH=/opt/homebrew/share/man::, DOWANT_BROKER_VHOST=, WORKON_HOME=/Users/a202107056/.virtualenv, HOMEBREW_PREFIX=/opt/homebrew, USER_DEFINED_PROFILE=/Users/a202107056/workspace/.daio.sh, LANG=ko_KR.UTF-8, COMMAND_MODE=unix2003, VIRTUALENVWRAPPER_SCRIPT=/usr/local/bin/virtualenvwrapper.sh, DISPLAY=/private/tmp/com.apple.launchd.m4z5tH90aO/org.xquartz:0, PYENV_PATH=/Users/a202107056/.pyenv, CFLAGS=-Wno-implicit-function-declaration, EMPLOYEE_NUMBER=a202107056, HOMEBREW_REPOSITORY=/opt/homebrew, XPC_SERVICE_NAME=application.com.jetbrains.intellij.8315778.8316573, ROLES_DUMP=/dev.docker.images/data/roles_20190718.dump, __CFBundleIdentifier=com.jetbrains.intellij, POSTGIS_PATH=/opt/homebrew/Cellar/postgis/3.2.1_2, YOGIYO_DOCKER_IMAGE=yogiyo-web, LSCOLORS=Gxfxcxdxbxegedabagacad, VIRTUALENVWRAPPER_HOOK_DIR=/Users/a202107056/.virtualenv, USER=a202107056, DOWANT_BRANCH_URI=, DUMPDIR=/Users/a202107056/workspace/dump-files, SSH_AUTH_SOCK=/private/tmp/com.apple.launchd.lmc10btJ5P/Listeners, BIZCENTER_DUMP=/dev.docker.images/data/bizcenter_20180808.dump, VIRTUALENVWRAPPER_PROJECT_FILENAME=.project, JAVA_MAIN_CLASS_35937=worker.org.gradle.process.internal.worker.GradleWorkerMain, DOWANT_SETTINGS=/Users/a202107056/workspace/Yogiyo_Web/dowant/settings/local.py, POSTGRES_DOCKER_IMAGE=yogiyo-postgres, DOWANT_PATH=/Users/a202107056/workspace/Yogiyo_Web/dowant, HOME=/Users/a202107056}
key = applicationStartup value = org.springframework.core.metrics.DefaultApplicationStartup@733ec58b
key = org.springframework.context.annotation.ConfigurationClassPostProcessor.importRegistry value = []
key = messageSource value = Empty MessageSource
key = applicationEventMulticaster value = org.springframework.context.event.SimpleApplicationEventMulticaster@723877dd
key = lifecycleProcessor value = org.springframework.context.support.DefaultLifecycleProcessor@415ef4d8
]]></system-out>
  <system-err><![CDATA[]]></system-err>
</testsuite>
