<?xml version="1.0" encoding="UTF-8"?>
<testsuite name="hello.core.singleton.ConfigurationSingletonTest" tests="2" skipped="0" failures="0" errors="0" timestamp="2022-06-12T15:40:20" hostname="A202107056-02.local" time="0.008">
  <properties/>
  <testcase name="configurationDeep()" classname="hello.core.singleton.ConfigurationSingletonTest" time="0.005"/>
  <testcase name="configurationTest()" classname="hello.core.singleton.ConfigurationSingletonTest" time="0.003"/>
  <system-out><![CDATA[call AppConfig.memberService
call AppConfig.memberRepository
call AppConfig.orderService
bean.getClass() = class hello.core.AppConfig$$EnhancerBySpringCGLIB$$434c3b55
call AppConfig.memberService
call AppConfig.memberRepository
call AppConfig.orderService
memberService -> memberRepository = hello.core.member.MemoryMemberRepository@67d32a54
order Service -> memberRepository = hello.core.member.MemoryMemberRepository@67d32a54
memberRepository = hello.core.member.MemoryMemberRepository@67d32a54
]]></system-out>
  <system-err><![CDATA[]]></system-err>
</testsuite>
